{"uuid":"3520447e-d6e7-4e10-81c2-9c5d2fb0d372","historyId":"c287f99790f059ddb98c8c4950aa9c12","fullName":"Tests.DetailTest.testCommentWithUserAccount","labels":[{"name":"package","value":"Tests.DetailTest"},{"name":"testClass","value":"Tests.DetailTest"},{"name":"testMethod","value":"testCommentWithUserAccount"},{"name":"parentSuite","value":"Default Suite"},{"name":"suite","value":"DemoFiver_Testing"},{"name":"subSuite","value":"Tests.DetailTest"},{"name":"host","value":"Weber"},{"name":"thread","value":"22740@Weber.main(1)"},{"name":"framework","value":"testng"},{"name":"language","value":"java"}],"links":[],"name":"testCommentWithUserAccount","status":"broken","statusDetails":{"known":false,"muted":false,"flaky":false,"message":"Error {\n  message='SyntaxError: Failed to execute 'querySelectorAll' on 'Document': 'button:has_text(\"Comment\")' is not a valid selector.\n    at query (<anonymous>:4989:41)\n    at <anonymous>:4999:7\n    at SelectorEvaluatorImpl._cached (<anonymous>:4776:20)\n    at SelectorEvaluatorImpl._queryCSS (<anonymous>:4986:17)\n    at SelectorEvaluatorImpl._querySimple (<anonymous>:4866:19)\n    at <anonymous>:4814:29\n    at SelectorEvaluatorImpl._cached (<anonymous>:4776:20)\n    at SelectorEvaluatorImpl.query (<anonymous>:4807:19)\n    at Object.query (<anonymous>:5021:44)\n    at <anonymous>:4979:21\n  name='Error\n  stack='Error: SyntaxError: Failed to execute 'querySelectorAll' on 'Document': 'button:has_text(\"Comment\")' is not a valid selector.\n    at query (<anonymous>:4989:41)\n    at <anonymous>:4999:7\n    at SelectorEvaluatorImpl._cached (<anonymous>:4776:20)\n    at SelectorEvaluatorImpl._queryCSS (<anonymous>:4986:17)\n    at SelectorEvaluatorImpl._querySimple (<anonymous>:4866:19)\n    at <anonymous>:4814:29\n    at SelectorEvaluatorImpl._cached (<anonymous>:4776:20)\n    at SelectorEvaluatorImpl.query (<anonymous>:4807:19)\n    at Object.query (<anonymous>:5021:44)\n    at <anonymous>:4979:21\n    at CRExecutionContext.evaluateWithArguments (C:\\Users\\minht\\AppData\\Local\\Temp\\playwright-java-5490828552902843160\\package\\lib\\server\\chromium\\crExecutionContext.js:80:13)\n    at async LongStandingScope._race (C:\\Users\\minht\\AppData\\Local\\Temp\\playwright-java-5490828552902843160\\package\\lib\\utils\\isomorphic\\manualPromise.js:94:14)\n    at async evaluateExpression (C:\\Users\\minht\\AppData\\Local\\Temp\\playwright-java-5490828552902843160\\package\\lib\\server\\javascript.js:217:12)\n    at async C:\\Users\\minht\\AppData\\Local\\Temp\\playwright-java-5490828552902843160\\package\\lib\\server\\frames.js:632:22\n    at async Frame.retryWithProgressAndTimeouts (C:\\Users\\minht\\AppData\\Local\\Temp\\playwright-java-5490828552902843160\\package\\lib\\server\\frames.js:884:24)\n    at async C:\\Users\\minht\\AppData\\Local\\Temp\\playwright-java-5490828552902843160\\package\\lib\\server\\frames.js:617:14\n    at async ProgressController.run (C:\\Users\\minht\\AppData\\Local\\Temp\\playwright-java-5490828552902843160\\package\\lib\\server\\progress.js:80:22)\n    at async FrameDispatcher.waitForSelector (C:\\Users\\minht\\AppData\\Local\\Temp\\playwright-java-5490828552902843160\\package\\lib\\server\\dispatchers\\frameDispatcher.js:82:98)\n    at async LongStandingScope._race (C:\\Users\\minht\\AppData\\Local\\Temp\\playwright-java-5490828552902843160\\package\\lib\\utils\\isomorphic\\manualPromise.js:94:14)\n    at async FrameDispatcher._handleCommand (C:\\Users\\minht\\AppData\\Local\\Temp\\playwright-java-5490828552902843160\\package\\lib\\server\\dispatchers\\dispatcher.js:90:14)\n}\nCall log:\n-   - waiting for locator(\"button:has_text('Comment')\") to be visible\n","trace":"com.microsoft.playwright.PlaywrightException: Error {\n  message='SyntaxError: Failed to execute 'querySelectorAll' on 'Document': 'button:has_text(\"Comment\")' is not a valid selector.\n    at query (<anonymous>:4989:41)\n    at <anonymous>:4999:7\n    at SelectorEvaluatorImpl._cached (<anonymous>:4776:20)\n    at SelectorEvaluatorImpl._queryCSS (<anonymous>:4986:17)\n    at SelectorEvaluatorImpl._querySimple (<anonymous>:4866:19)\n    at <anonymous>:4814:29\n    at SelectorEvaluatorImpl._cached (<anonymous>:4776:20)\n    at SelectorEvaluatorImpl.query (<anonymous>:4807:19)\n    at Object.query (<anonymous>:5021:44)\n    at <anonymous>:4979:21\n  name='Error\n  stack='Error: SyntaxError: Failed to execute 'querySelectorAll' on 'Document': 'button:has_text(\"Comment\")' is not a valid selector.\n    at query (<anonymous>:4989:41)\n    at <anonymous>:4999:7\n    at SelectorEvaluatorImpl._cached (<anonymous>:4776:20)\n    at SelectorEvaluatorImpl._queryCSS (<anonymous>:4986:17)\n    at SelectorEvaluatorImpl._querySimple (<anonymous>:4866:19)\n    at <anonymous>:4814:29\n    at SelectorEvaluatorImpl._cached (<anonymous>:4776:20)\n    at SelectorEvaluatorImpl.query (<anonymous>:4807:19)\n    at Object.query (<anonymous>:5021:44)\n    at <anonymous>:4979:21\n    at CRExecutionContext.evaluateWithArguments (C:\\Users\\minht\\AppData\\Local\\Temp\\playwright-java-5490828552902843160\\package\\lib\\server\\chromium\\crExecutionContext.js:80:13)\n    at async LongStandingScope._race (C:\\Users\\minht\\AppData\\Local\\Temp\\playwright-java-5490828552902843160\\package\\lib\\utils\\isomorphic\\manualPromise.js:94:14)\n    at async evaluateExpression (C:\\Users\\minht\\AppData\\Local\\Temp\\playwright-java-5490828552902843160\\package\\lib\\server\\javascript.js:217:12)\n    at async C:\\Users\\minht\\AppData\\Local\\Temp\\playwright-java-5490828552902843160\\package\\lib\\server\\frames.js:632:22\n    at async Frame.retryWithProgressAndTimeouts (C:\\Users\\minht\\AppData\\Local\\Temp\\playwright-java-5490828552902843160\\package\\lib\\server\\frames.js:884:24)\n    at async C:\\Users\\minht\\AppData\\Local\\Temp\\playwright-java-5490828552902843160\\package\\lib\\server\\frames.js:617:14\n    at async ProgressController.run (C:\\Users\\minht\\AppData\\Local\\Temp\\playwright-java-5490828552902843160\\package\\lib\\server\\progress.js:80:22)\n    at async FrameDispatcher.waitForSelector (C:\\Users\\minht\\AppData\\Local\\Temp\\playwright-java-5490828552902843160\\package\\lib\\server\\dispatchers\\frameDispatcher.js:82:98)\n    at async LongStandingScope._race (C:\\Users\\minht\\AppData\\Local\\Temp\\playwright-java-5490828552902843160\\package\\lib\\utils\\isomorphic\\manualPromise.js:94:14)\n    at async FrameDispatcher._handleCommand (C:\\Users\\minht\\AppData\\Local\\Temp\\playwright-java-5490828552902843160\\package\\lib\\server\\dispatchers\\dispatcher.js:90:14)\n}\nCall log:\n-   - waiting for locator(\"button:has_text('Comment')\") to be visible\n\r\n\tat com.microsoft.playwright.impl.WaitableResult.get(WaitableResult.java:56)\r\n\tat com.microsoft.playwright.impl.ChannelOwner.runUntil(ChannelOwner.java:138)\r\n\tat com.microsoft.playwright.impl.Connection.sendMessage(Connection.java:131)\r\n\tat com.microsoft.playwright.impl.ChannelOwner.sendMessage(ChannelOwner.java:124)\r\n\tat com.microsoft.playwright.impl.FrameImpl.waitForSelectorImpl(FrameImpl.java:985)\r\n\tat com.microsoft.playwright.impl.LocatorImpl.waitFor(LocatorImpl.java:625)\r\n\tat Base.BasePage.waitForVisibleByLocator(BasePage.java:152)\r\n\tat Base.BasePage.clickByLocator(BasePage.java:23)\r\n\tat Pages.DetailPage.comment(DetailPage.java:198)\r\n\tat Tests.DetailTest.testCommentWithUserAccount(DetailTest.java:76)\r\n\tat java.base/jdk.internal.reflect.DirectMethodHandleAccessor.invoke(DirectMethodHandleAccessor.java:103)\r\n\tat java.base/java.lang.reflect.Method.invoke(Method.java:580)\r\n\tat org.testng.internal.invokers.MethodInvocationHelper.invokeMethod(MethodInvocationHelper.java:141)\r\n\tat org.testng.internal.invokers.TestInvoker.invokeMethod(TestInvoker.java:686)\r\n\tat org.testng.internal.invokers.TestInvoker.invokeTestMethod(TestInvoker.java:230)\r\n\tat org.testng.internal.invokers.MethodRunner.runInSequence(MethodRunner.java:63)\r\n\tat org.testng.internal.invokers.TestInvoker$MethodInvocationAgent.invoke(TestInvoker.java:992)\r\n\tat org.testng.internal.invokers.TestInvoker.invokeTestMethods(TestInvoker.java:203)\r\n\tat org.testng.internal.invokers.TestMethodWorker.invokeTestMethods(TestMethodWorker.java:154)\r\n\tat org.testng.internal.invokers.TestMethodWorker.run(TestMethodWorker.java:134)\r\n\tat java.base/java.util.ArrayList.forEach(ArrayList.java:1597)\r\n\tat org.testng.TestRunner.privateRun(TestRunner.java:739)\r\n\tat org.testng.TestRunner.run(TestRunner.java:614)\r\n\tat org.testng.SuiteRunner.runTest(SuiteRunner.java:421)\r\n\tat org.testng.SuiteRunner.runSequentially(SuiteRunner.java:413)\r\n\tat org.testng.SuiteRunner.privateRun(SuiteRunner.java:373)\r\n\tat org.testng.SuiteRunner.run(SuiteRunner.java:312)\r\n\tat org.testng.SuiteRunnerWorker.runSuite(SuiteRunnerWorker.java:52)\r\n\tat org.testng.SuiteRunnerWorker.run(SuiteRunnerWorker.java:95)\r\n\tat org.testng.TestNG.runSuitesSequentially(TestNG.java:1274)\r\n\tat org.testng.TestNG.runSuitesLocally(TestNG.java:1208)\r\n\tat org.testng.TestNG.runSuites(TestNG.java:1112)\r\n\tat org.testng.TestNG.run(TestNG.java:1079)\r\n\tat com.intellij.rt.testng.IDEARemoteTestNG.run(IDEARemoteTestNG.java:65)\r\n\tat com.intellij.rt.testng.RemoteTestNGStarter.main(RemoteTestNGStarter.java:105)\r\nCaused by: com.microsoft.playwright.impl.DriverException: Error {\n  message='SyntaxError: Failed to execute 'querySelectorAll' on 'Document': 'button:has_text(\"Comment\")' is not a valid selector.\n    at query (<anonymous>:4989:41)\n    at <anonymous>:4999:7\n    at SelectorEvaluatorImpl._cached (<anonymous>:4776:20)\n    at SelectorEvaluatorImpl._queryCSS (<anonymous>:4986:17)\n    at SelectorEvaluatorImpl._querySimple (<anonymous>:4866:19)\n    at <anonymous>:4814:29\n    at SelectorEvaluatorImpl._cached (<anonymous>:4776:20)\n    at SelectorEvaluatorImpl.query (<anonymous>:4807:19)\n    at Object.query (<anonymous>:5021:44)\n    at <anonymous>:4979:21\n  name='Error\n  stack='Error: SyntaxError: Failed to execute 'querySelectorAll' on 'Document': 'button:has_text(\"Comment\")' is not a valid selector.\n    at query (<anonymous>:4989:41)\n    at <anonymous>:4999:7\n    at SelectorEvaluatorImpl._cached (<anonymous>:4776:20)\n    at SelectorEvaluatorImpl._queryCSS (<anonymous>:4986:17)\n    at SelectorEvaluatorImpl._querySimple (<anonymous>:4866:19)\n    at <anonymous>:4814:29\n    at SelectorEvaluatorImpl._cached (<anonymous>:4776:20)\n    at SelectorEvaluatorImpl.query (<anonymous>:4807:19)\n    at Object.query (<anonymous>:5021:44)\n    at <anonymous>:4979:21\n    at CRExecutionContext.evaluateWithArguments (C:\\Users\\minht\\AppData\\Local\\Temp\\playwright-java-5490828552902843160\\package\\lib\\server\\chromium\\crExecutionContext.js:80:13)\n    at async LongStandingScope._race (C:\\Users\\minht\\AppData\\Local\\Temp\\playwright-java-5490828552902843160\\package\\lib\\utils\\isomorphic\\manualPromise.js:94:14)\n    at async evaluateExpression (C:\\Users\\minht\\AppData\\Local\\Temp\\playwright-java-5490828552902843160\\package\\lib\\server\\javascript.js:217:12)\n    at async C:\\Users\\minht\\AppData\\Local\\Temp\\playwright-java-5490828552902843160\\package\\lib\\server\\frames.js:632:22\n    at async Frame.retryWithProgressAndTimeouts (C:\\Users\\minht\\AppData\\Local\\Temp\\playwright-java-5490828552902843160\\package\\lib\\server\\frames.js:884:24)\n    at async C:\\Users\\minht\\AppData\\Local\\Temp\\playwright-java-5490828552902843160\\package\\lib\\server\\frames.js:617:14\n    at async ProgressController.run (C:\\Users\\minht\\AppData\\Local\\Temp\\playwright-java-5490828552902843160\\package\\lib\\server\\progress.js:80:22)\n    at async FrameDispatcher.waitForSelector (C:\\Users\\minht\\AppData\\Local\\Temp\\playwright-java-5490828552902843160\\package\\lib\\server\\dispatchers\\frameDispatcher.js:82:98)\n    at async LongStandingScope._race (C:\\Users\\minht\\AppData\\Local\\Temp\\playwright-java-5490828552902843160\\package\\lib\\utils\\isomorphic\\manualPromise.js:94:14)\n    at async FrameDispatcher._handleCommand (C:\\Users\\minht\\AppData\\Local\\Temp\\playwright-java-5490828552902843160\\package\\lib\\server\\dispatchers\\dispatcher.js:90:14)\n}\nCall log:\n-   - waiting for locator(\"button:has_text('Comment')\") to be visible\n\r\n\tat com.microsoft.playwright.impl.Connection.dispatch(Connection.java:262)\r\n\tat com.microsoft.playwright.impl.Connection.processOneMessage(Connection.java:214)\r\n\tat com.microsoft.playwright.impl.ChannelOwner.runUntil(ChannelOwner.java:136)\r\n\t... 33 more\r\n"},"stage":"finished","steps":[],"attachments":[],"parameters":[],"start":1757138172771,"stop":1757138186972}