{"uuid":"9b7e96e7-a487-4a4d-b030-783d6bc98259","historyId":"f39e4e933c4c87f037888fc6d8c076f2","fullName":"Tests.ProfileTest.testExistProduct","labels":[{"name":"package","value":"Tests.ProfileTest"},{"name":"testClass","value":"Tests.ProfileTest"},{"name":"testMethod","value":"testExistProduct"},{"name":"parentSuite","value":"Default Suite"},{"name":"suite","value":"WebDemo5-Capstone"},{"name":"subSuite","value":"Tests.ProfileTest"},{"name":"host","value":"Weber"},{"name":"thread","value":"24660@Weber.main(1)"},{"name":"framework","value":"testng"},{"name":"language","value":"java"}],"links":[],"name":"testExistProduct","status":"broken","statusDetails":{"known":false,"muted":false,"flaky":false,"message":"Error {\n  message='SyntaxError: Failed to execute 'evaluate' on 'Document': The string '//div[@class='row']:nth-match(h1,1)' is not a valid XPath expression.\n    at Object.queryAll (<anonymous>:5858:25)\n    at InjectedScript._queryEngineAll (<anonymous>:6536:49)\n    at InjectedScript.querySelectorAll (<anonymous>:6523:30)\n    at eval (eval at evaluate (:291:30), <anonymous>:4:35)\n    at UtilityScript.evaluate (<anonymous>:293:16)\n    at UtilityScript.<anonymous> (<anonymous>:1:44)\n  name='Error\n  stack='Error: SyntaxError: Failed to execute 'evaluate' on 'Document': The string '//div[@class='row']:nth-match(h1,1)' is not a valid XPath expression.\n    at Object.queryAll (<anonymous>:5858:25)\n    at InjectedScript._queryEngineAll (<anonymous>:6536:49)\n    at InjectedScript.querySelectorAll (<anonymous>:6523:30)\n    at eval (eval at evaluate (:291:30), <anonymous>:4:35)\n    at UtilityScript.evaluate (<anonymous>:293:16)\n    at UtilityScript.<anonymous> (<anonymous>:1:44)\n    at CRExecutionContext.evaluateWithArguments (C:\\Users\\minht\\AppData\\Local\\Temp\\playwright-java-9374755183054514126\\package\\lib\\server\\chromium\\crExecutionContext.js:80:13)\n    at async LongStandingScope._race (C:\\Users\\minht\\AppData\\Local\\Temp\\playwright-java-9374755183054514126\\package\\lib\\utils\\isomorphic\\manualPromise.js:94:14)\n    at async evaluateExpression (C:\\Users\\minht\\AppData\\Local\\Temp\\playwright-java-9374755183054514126\\package\\lib\\server\\javascript.js:217:12)\n    at async C:\\Users\\minht\\AppData\\Local\\Temp\\playwright-java-9374755183054514126\\package\\lib\\server\\frames.js:632:22\n    at async Frame.retryWithProgressAndTimeouts (C:\\Users\\minht\\AppData\\Local\\Temp\\playwright-java-9374755183054514126\\package\\lib\\server\\frames.js:884:24)\n    at async C:\\Users\\minht\\AppData\\Local\\Temp\\playwright-java-9374755183054514126\\package\\lib\\server\\frames.js:617:14\n    at async ProgressController.run (C:\\Users\\minht\\AppData\\Local\\Temp\\playwright-java-9374755183054514126\\package\\lib\\server\\progress.js:80:22)\n    at async FrameDispatcher.waitForSelector (C:\\Users\\minht\\AppData\\Local\\Temp\\playwright-java-9374755183054514126\\package\\lib\\server\\dispatchers\\frameDispatcher.js:82:98)\n    at async LongStandingScope._race (C:\\Users\\minht\\AppData\\Local\\Temp\\playwright-java-9374755183054514126\\package\\lib\\utils\\isomorphic\\manualPromise.js:94:14)\n    at async FrameDispatcher._handleCommand (C:\\Users\\minht\\AppData\\Local\\Temp\\playwright-java-9374755183054514126\\package\\lib\\server\\dispatchers\\dispatcher.js:90:14)\n}\nCall log:\n-   - waiting for locator(\"//div[@class='row']:nth-match(h1,1)\") to be visible\n","trace":"com.microsoft.playwright.PlaywrightException: Error {\n  message='SyntaxError: Failed to execute 'evaluate' on 'Document': The string '//div[@class='row']:nth-match(h1,1)' is not a valid XPath expression.\n    at Object.queryAll (<anonymous>:5858:25)\n    at InjectedScript._queryEngineAll (<anonymous>:6536:49)\n    at InjectedScript.querySelectorAll (<anonymous>:6523:30)\n    at eval (eval at evaluate (:291:30), <anonymous>:4:35)\n    at UtilityScript.evaluate (<anonymous>:293:16)\n    at UtilityScript.<anonymous> (<anonymous>:1:44)\n  name='Error\n  stack='Error: SyntaxError: Failed to execute 'evaluate' on 'Document': The string '//div[@class='row']:nth-match(h1,1)' is not a valid XPath expression.\n    at Object.queryAll (<anonymous>:5858:25)\n    at InjectedScript._queryEngineAll (<anonymous>:6536:49)\n    at InjectedScript.querySelectorAll (<anonymous>:6523:30)\n    at eval (eval at evaluate (:291:30), <anonymous>:4:35)\n    at UtilityScript.evaluate (<anonymous>:293:16)\n    at UtilityScript.<anonymous> (<anonymous>:1:44)\n    at CRExecutionContext.evaluateWithArguments (C:\\Users\\minht\\AppData\\Local\\Temp\\playwright-java-9374755183054514126\\package\\lib\\server\\chromium\\crExecutionContext.js:80:13)\n    at async LongStandingScope._race (C:\\Users\\minht\\AppData\\Local\\Temp\\playwright-java-9374755183054514126\\package\\lib\\utils\\isomorphic\\manualPromise.js:94:14)\n    at async evaluateExpression (C:\\Users\\minht\\AppData\\Local\\Temp\\playwright-java-9374755183054514126\\package\\lib\\server\\javascript.js:217:12)\n    at async C:\\Users\\minht\\AppData\\Local\\Temp\\playwright-java-9374755183054514126\\package\\lib\\server\\frames.js:632:22\n    at async Frame.retryWithProgressAndTimeouts (C:\\Users\\minht\\AppData\\Local\\Temp\\playwright-java-9374755183054514126\\package\\lib\\server\\frames.js:884:24)\n    at async C:\\Users\\minht\\AppData\\Local\\Temp\\playwright-java-9374755183054514126\\package\\lib\\server\\frames.js:617:14\n    at async ProgressController.run (C:\\Users\\minht\\AppData\\Local\\Temp\\playwright-java-9374755183054514126\\package\\lib\\server\\progress.js:80:22)\n    at async FrameDispatcher.waitForSelector (C:\\Users\\minht\\AppData\\Local\\Temp\\playwright-java-9374755183054514126\\package\\lib\\server\\dispatchers\\frameDispatcher.js:82:98)\n    at async LongStandingScope._race (C:\\Users\\minht\\AppData\\Local\\Temp\\playwright-java-9374755183054514126\\package\\lib\\utils\\isomorphic\\manualPromise.js:94:14)\n    at async FrameDispatcher._handleCommand (C:\\Users\\minht\\AppData\\Local\\Temp\\playwright-java-9374755183054514126\\package\\lib\\server\\dispatchers\\dispatcher.js:90:14)\n}\nCall log:\n-   - waiting for locator(\"//div[@class='row']:nth-match(h1,1)\") to be visible\n\r\n\tat com.microsoft.playwright.impl.WaitableResult.get(WaitableResult.java:56)\r\n\tat com.microsoft.playwright.impl.ChannelOwner.runUntil(ChannelOwner.java:138)\r\n\tat com.microsoft.playwright.impl.Connection.sendMessage(Connection.java:131)\r\n\tat com.microsoft.playwright.impl.ChannelOwner.sendMessage(ChannelOwner.java:124)\r\n\tat com.microsoft.playwright.impl.FrameImpl.waitForSelectorImpl(FrameImpl.java:985)\r\n\tat com.microsoft.playwright.impl.LocatorImpl.waitFor(LocatorImpl.java:625)\r\n\tat Base.BasePage.waitForVisibleByLocator(BasePage.java:107)\r\n\tat Base.BasePage.getTextByLocator(BasePage.java:43)\r\n\tat Pages.ProfilePage.isProductExist(ProfilePage.java:171)\r\n\tat Tests.ProfileTest.testExistProduct(ProfileTest.java:145)\r\n\tat java.base/jdk.internal.reflect.DirectMethodHandleAccessor.invoke(DirectMethodHandleAccessor.java:103)\r\n\tat java.base/java.lang.reflect.Method.invoke(Method.java:580)\r\n\tat org.testng.internal.invokers.MethodInvocationHelper.invokeMethod(MethodInvocationHelper.java:141)\r\n\tat org.testng.internal.invokers.TestInvoker.invokeMethod(TestInvoker.java:686)\r\n\tat org.testng.internal.invokers.TestInvoker.invokeTestMethod(TestInvoker.java:230)\r\n\tat org.testng.internal.invokers.MethodRunner.runInSequence(MethodRunner.java:63)\r\n\tat org.testng.internal.invokers.TestInvoker$MethodInvocationAgent.invoke(TestInvoker.java:992)\r\n\tat org.testng.internal.invokers.TestInvoker.invokeTestMethods(TestInvoker.java:203)\r\n\tat org.testng.internal.invokers.TestMethodWorker.invokeTestMethods(TestMethodWorker.java:154)\r\n\tat org.testng.internal.invokers.TestMethodWorker.run(TestMethodWorker.java:134)\r\n\tat java.base/java.util.ArrayList.forEach(ArrayList.java:1597)\r\n\tat org.testng.TestRunner.privateRun(TestRunner.java:739)\r\n\tat org.testng.TestRunner.run(TestRunner.java:614)\r\n\tat org.testng.SuiteRunner.runTest(SuiteRunner.java:421)\r\n\tat org.testng.SuiteRunner.runSequentially(SuiteRunner.java:413)\r\n\tat org.testng.SuiteRunner.privateRun(SuiteRunner.java:373)\r\n\tat org.testng.SuiteRunner.run(SuiteRunner.java:312)\r\n\tat org.testng.SuiteRunnerWorker.runSuite(SuiteRunnerWorker.java:52)\r\n\tat org.testng.SuiteRunnerWorker.run(SuiteRunnerWorker.java:95)\r\n\tat org.testng.TestNG.runSuitesSequentially(TestNG.java:1274)\r\n\tat org.testng.TestNG.runSuitesLocally(TestNG.java:1208)\r\n\tat org.testng.TestNG.runSuites(TestNG.java:1112)\r\n\tat org.testng.TestNG.run(TestNG.java:1079)\r\n\tat com.intellij.rt.testng.IDEARemoteTestNG.run(IDEARemoteTestNG.java:65)\r\n\tat com.intellij.rt.testng.RemoteTestNGStarter.main(RemoteTestNGStarter.java:105)\r\nCaused by: com.microsoft.playwright.impl.DriverException: Error {\n  message='SyntaxError: Failed to execute 'evaluate' on 'Document': The string '//div[@class='row']:nth-match(h1,1)' is not a valid XPath expression.\n    at Object.queryAll (<anonymous>:5858:25)\n    at InjectedScript._queryEngineAll (<anonymous>:6536:49)\n    at InjectedScript.querySelectorAll (<anonymous>:6523:30)\n    at eval (eval at evaluate (:291:30), <anonymous>:4:35)\n    at UtilityScript.evaluate (<anonymous>:293:16)\n    at UtilityScript.<anonymous> (<anonymous>:1:44)\n  name='Error\n  stack='Error: SyntaxError: Failed to execute 'evaluate' on 'Document': The string '//div[@class='row']:nth-match(h1,1)' is not a valid XPath expression.\n    at Object.queryAll (<anonymous>:5858:25)\n    at InjectedScript._queryEngineAll (<anonymous>:6536:49)\n    at InjectedScript.querySelectorAll (<anonymous>:6523:30)\n    at eval (eval at evaluate (:291:30), <anonymous>:4:35)\n    at UtilityScript.evaluate (<anonymous>:293:16)\n    at UtilityScript.<anonymous> (<anonymous>:1:44)\n    at CRExecutionContext.evaluateWithArguments (C:\\Users\\minht\\AppData\\Local\\Temp\\playwright-java-9374755183054514126\\package\\lib\\server\\chromium\\crExecutionContext.js:80:13)\n    at async LongStandingScope._race (C:\\Users\\minht\\AppData\\Local\\Temp\\playwright-java-9374755183054514126\\package\\lib\\utils\\isomorphic\\manualPromise.js:94:14)\n    at async evaluateExpression (C:\\Users\\minht\\AppData\\Local\\Temp\\playwright-java-9374755183054514126\\package\\lib\\server\\javascript.js:217:12)\n    at async C:\\Users\\minht\\AppData\\Local\\Temp\\playwright-java-9374755183054514126\\package\\lib\\server\\frames.js:632:22\n    at async Frame.retryWithProgressAndTimeouts (C:\\Users\\minht\\AppData\\Local\\Temp\\playwright-java-9374755183054514126\\package\\lib\\server\\frames.js:884:24)\n    at async C:\\Users\\minht\\AppData\\Local\\Temp\\playwright-java-9374755183054514126\\package\\lib\\server\\frames.js:617:14\n    at async ProgressController.run (C:\\Users\\minht\\AppData\\Local\\Temp\\playwright-java-9374755183054514126\\package\\lib\\server\\progress.js:80:22)\n    at async FrameDispatcher.waitForSelector (C:\\Users\\minht\\AppData\\Local\\Temp\\playwright-java-9374755183054514126\\package\\lib\\server\\dispatchers\\frameDispatcher.js:82:98)\n    at async LongStandingScope._race (C:\\Users\\minht\\AppData\\Local\\Temp\\playwright-java-9374755183054514126\\package\\lib\\utils\\isomorphic\\manualPromise.js:94:14)\n    at async FrameDispatcher._handleCommand (C:\\Users\\minht\\AppData\\Local\\Temp\\playwright-java-9374755183054514126\\package\\lib\\server\\dispatchers\\dispatcher.js:90:14)\n}\nCall log:\n-   - waiting for locator(\"//div[@class='row']:nth-match(h1,1)\") to be visible\n\r\n\tat com.microsoft.playwright.impl.Connection.dispatch(Connection.java:262)\r\n\tat com.microsoft.playwright.impl.Connection.processOneMessage(Connection.java:214)\r\n\tat com.microsoft.playwright.impl.ChannelOwner.runUntil(ChannelOwner.java:136)\r\n\t... 33 more\r\n"},"stage":"finished","steps":[],"attachments":[],"parameters":[],"start":1756359879212,"stop":1756359885250}