{"uuid":"c4b3f232-4599-40f2-9c13-edbcea1fd4d0","historyId":"18f24bb88cc63d58ad608f0dfd14b72","fullName":"Tests.RegisterTest.testTransferToRegisterPageByUser","labels":[{"name":"package","value":"Tests.RegisterTest"},{"name":"testClass","value":"Tests.RegisterTest"},{"name":"testMethod","value":"testTransferToRegisterPageByUser"},{"name":"parentSuite","value":"Default Suite"},{"name":"suite","value":"WebDemo5-Capstone"},{"name":"subSuite","value":"Tests.RegisterTest"},{"name":"host","value":"Weber"},{"name":"thread","value":"24544@Weber.main(1)"},{"name":"framework","value":"testng"},{"name":"language","value":"java"}],"links":[],"name":"testTransferToRegisterPageByUser","status":"broken","statusDetails":{"known":false,"muted":false,"flaky":false,"message":"Error {\n  message='Error: strict mode violation: locator(\"//*[contains(@id,'password')]\") resolved to 2 elements:\n    1) <input required=\"\" id=\"password\" type=\"password\" name=\"password\" class=\"form-control\" placeholder=\"Your Password\"/> aka getByRole(AriaRole.TEXTBOX, new Page.GetByRoleOptions().setName(\"Your Password\").setExact(true))\n    2) <input required=\"\" type=\"password\" class=\"form-control\" id=\"passwordConfirm\" name=\"passwordConfirm\" placeholder=\"Repeat your password\"/> aka getByRole(AriaRole.TEXTBOX, new Page.GetByRoleOptions().setName(\"Repeat your password\"))\n\n  name='Error\n  stack='Error: Error: strict mode violation: locator(\"//*[contains(@id,'password')]\") resolved to 2 elements:\n    1) <input required=\"\" id=\"password\" type=\"password\" name=\"password\" class=\"form-control\" placeholder=\"Your Password\"/> aka getByRole(AriaRole.TEXTBOX, new Page.GetByRoleOptions().setName(\"Your Password\").setExact(true))\n    2) <input required=\"\" type=\"password\" class=\"form-control\" id=\"passwordConfirm\" name=\"passwordConfirm\" placeholder=\"Repeat your password\"/> aka getByRole(AriaRole.TEXTBOX, new Page.GetByRoleOptions().setName(\"Repeat your password\"))\n\n    at CRExecutionContext.evaluateWithArguments (C:\\Users\\minht\\AppData\\Local\\Temp\\playwright-java-2199024287586459283\\package\\lib\\server\\chromium\\crExecutionContext.js:80:13)\n    at async LongStandingScope._race (C:\\Users\\minht\\AppData\\Local\\Temp\\playwright-java-2199024287586459283\\package\\lib\\utils\\isomorphic\\manualPromise.js:94:14)\n    at async evaluateExpression (C:\\Users\\minht\\AppData\\Local\\Temp\\playwright-java-2199024287586459283\\package\\lib\\server\\javascript.js:217:12)\n    at async C:\\Users\\minht\\AppData\\Local\\Temp\\playwright-java-2199024287586459283\\package\\lib\\server\\frames.js:915:22\n    at async Frame.retryWithProgressAndTimeouts (C:\\Users\\minht\\AppData\\Local\\Temp\\playwright-java-2199024287586459283\\package\\lib\\server\\frames.js:884:24)\n    at async C:\\Users\\minht\\AppData\\Local\\Temp\\playwright-java-2199024287586459283\\package\\lib\\server\\frames.js:1007:29\n    at async ProgressController.run (C:\\Users\\minht\\AppData\\Local\\Temp\\playwright-java-2199024287586459283\\package\\lib\\server\\progress.js:80:22)\n    at async FrameDispatcher.fill (C:\\Users\\minht\\AppData\\Local\\Temp\\playwright-java-2199024287586459283\\package\\lib\\server\\dispatchers\\frameDispatcher.js:129:12)\n    at async LongStandingScope._race (C:\\Users\\minht\\AppData\\Local\\Temp\\playwright-java-2199024287586459283\\package\\lib\\utils\\isomorphic\\manualPromise.js:94:14)\n    at async FrameDispatcher._handleCommand (C:\\Users\\minht\\AppData\\Local\\Temp\\playwright-java-2199024287586459283\\package\\lib\\server\\dispatchers\\dispatcher.js:90:14)\n}\nCall log:\n-   - waiting for locator(\"//*[contains(@id,'password')]\")\n","trace":"com.microsoft.playwright.PlaywrightException: Error {\n  message='Error: strict mode violation: locator(\"//*[contains(@id,'password')]\") resolved to 2 elements:\n    1) <input required=\"\" id=\"password\" type=\"password\" name=\"password\" class=\"form-control\" placeholder=\"Your Password\"/> aka getByRole(AriaRole.TEXTBOX, new Page.GetByRoleOptions().setName(\"Your Password\").setExact(true))\n    2) <input required=\"\" type=\"password\" class=\"form-control\" id=\"passwordConfirm\" name=\"passwordConfirm\" placeholder=\"Repeat your password\"/> aka getByRole(AriaRole.TEXTBOX, new Page.GetByRoleOptions().setName(\"Repeat your password\"))\n\n  name='Error\n  stack='Error: Error: strict mode violation: locator(\"//*[contains(@id,'password')]\") resolved to 2 elements:\n    1) <input required=\"\" id=\"password\" type=\"password\" name=\"password\" class=\"form-control\" placeholder=\"Your Password\"/> aka getByRole(AriaRole.TEXTBOX, new Page.GetByRoleOptions().setName(\"Your Password\").setExact(true))\n    2) <input required=\"\" type=\"password\" class=\"form-control\" id=\"passwordConfirm\" name=\"passwordConfirm\" placeholder=\"Repeat your password\"/> aka getByRole(AriaRole.TEXTBOX, new Page.GetByRoleOptions().setName(\"Repeat your password\"))\n\n    at CRExecutionContext.evaluateWithArguments (C:\\Users\\minht\\AppData\\Local\\Temp\\playwright-java-2199024287586459283\\package\\lib\\server\\chromium\\crExecutionContext.js:80:13)\n    at async LongStandingScope._race (C:\\Users\\minht\\AppData\\Local\\Temp\\playwright-java-2199024287586459283\\package\\lib\\utils\\isomorphic\\manualPromise.js:94:14)\n    at async evaluateExpression (C:\\Users\\minht\\AppData\\Local\\Temp\\playwright-java-2199024287586459283\\package\\lib\\server\\javascript.js:217:12)\n    at async C:\\Users\\minht\\AppData\\Local\\Temp\\playwright-java-2199024287586459283\\package\\lib\\server\\frames.js:915:22\n    at async Frame.retryWithProgressAndTimeouts (C:\\Users\\minht\\AppData\\Local\\Temp\\playwright-java-2199024287586459283\\package\\lib\\server\\frames.js:884:24)\n    at async C:\\Users\\minht\\AppData\\Local\\Temp\\playwright-java-2199024287586459283\\package\\lib\\server\\frames.js:1007:29\n    at async ProgressController.run (C:\\Users\\minht\\AppData\\Local\\Temp\\playwright-java-2199024287586459283\\package\\lib\\server\\progress.js:80:22)\n    at async FrameDispatcher.fill (C:\\Users\\minht\\AppData\\Local\\Temp\\playwright-java-2199024287586459283\\package\\lib\\server\\dispatchers\\frameDispatcher.js:129:12)\n    at async LongStandingScope._race (C:\\Users\\minht\\AppData\\Local\\Temp\\playwright-java-2199024287586459283\\package\\lib\\utils\\isomorphic\\manualPromise.js:94:14)\n    at async FrameDispatcher._handleCommand (C:\\Users\\minht\\AppData\\Local\\Temp\\playwright-java-2199024287586459283\\package\\lib\\server\\dispatchers\\dispatcher.js:90:14)\n}\nCall log:\n-   - waiting for locator(\"//*[contains(@id,'password')]\")\n\r\n\tat com.microsoft.playwright.impl.WaitableResult.get(WaitableResult.java:56)\r\n\tat com.microsoft.playwright.impl.ChannelOwner.runUntil(ChannelOwner.java:138)\r\n\tat com.microsoft.playwright.impl.Connection.sendMessage(Connection.java:131)\r\n\tat com.microsoft.playwright.impl.ChannelOwner.sendMessage(ChannelOwner.java:124)\r\n\tat com.microsoft.playwright.impl.FrameImpl.fill(FrameImpl.java:300)\r\n\tat com.microsoft.playwright.impl.LocatorImpl.fill(LocatorImpl.java:244)\r\n\tat com.microsoft.playwright.Locator.fill(Locator.java:3105)\r\n\tat Base.BasePage.typeByLocator(BasePage.java:31)\r\n\tat Pages.LoginPage.login(LoginPage.java:21)\r\n\tat Tests.RegisterTest.testTransferToRegisterPageByUser(RegisterTest.java:144)\r\n\tat java.base/jdk.internal.reflect.DirectMethodHandleAccessor.invoke(DirectMethodHandleAccessor.java:103)\r\n\tat java.base/java.lang.reflect.Method.invoke(Method.java:580)\r\n\tat org.testng.internal.invokers.MethodInvocationHelper.invokeMethod(MethodInvocationHelper.java:141)\r\n\tat org.testng.internal.invokers.TestInvoker.invokeMethod(TestInvoker.java:686)\r\n\tat org.testng.internal.invokers.TestInvoker.invokeTestMethod(TestInvoker.java:230)\r\n\tat org.testng.internal.invokers.MethodRunner.runInSequence(MethodRunner.java:63)\r\n\tat org.testng.internal.invokers.TestInvoker$MethodInvocationAgent.invoke(TestInvoker.java:992)\r\n\tat org.testng.internal.invokers.TestInvoker.invokeTestMethods(TestInvoker.java:203)\r\n\tat org.testng.internal.invokers.TestMethodWorker.invokeTestMethods(TestMethodWorker.java:154)\r\n\tat org.testng.internal.invokers.TestMethodWorker.run(TestMethodWorker.java:134)\r\n\tat java.base/java.util.ArrayList.forEach(ArrayList.java:1597)\r\n\tat org.testng.TestRunner.privateRun(TestRunner.java:739)\r\n\tat org.testng.TestRunner.run(TestRunner.java:614)\r\n\tat org.testng.SuiteRunner.runTest(SuiteRunner.java:421)\r\n\tat org.testng.SuiteRunner.runSequentially(SuiteRunner.java:413)\r\n\tat org.testng.SuiteRunner.privateRun(SuiteRunner.java:373)\r\n\tat org.testng.SuiteRunner.run(SuiteRunner.java:312)\r\n\tat org.testng.SuiteRunnerWorker.runSuite(SuiteRunnerWorker.java:52)\r\n\tat org.testng.SuiteRunnerWorker.run(SuiteRunnerWorker.java:95)\r\n\tat org.testng.TestNG.runSuitesSequentially(TestNG.java:1274)\r\n\tat org.testng.TestNG.runSuitesLocally(TestNG.java:1208)\r\n\tat org.testng.TestNG.runSuites(TestNG.java:1112)\r\n\tat org.testng.TestNG.run(TestNG.java:1079)\r\n\tat com.intellij.rt.testng.IDEARemoteTestNG.run(IDEARemoteTestNG.java:65)\r\n\tat com.intellij.rt.testng.RemoteTestNGStarter.main(RemoteTestNGStarter.java:105)\r\nCaused by: com.microsoft.playwright.impl.DriverException: Error {\n  message='Error: strict mode violation: locator(\"//*[contains(@id,'password')]\") resolved to 2 elements:\n    1) <input required=\"\" id=\"password\" type=\"password\" name=\"password\" class=\"form-control\" placeholder=\"Your Password\"/> aka getByRole(AriaRole.TEXTBOX, new Page.GetByRoleOptions().setName(\"Your Password\").setExact(true))\n    2) <input required=\"\" type=\"password\" class=\"form-control\" id=\"passwordConfirm\" name=\"passwordConfirm\" placeholder=\"Repeat your password\"/> aka getByRole(AriaRole.TEXTBOX, new Page.GetByRoleOptions().setName(\"Repeat your password\"))\n\n  name='Error\n  stack='Error: Error: strict mode violation: locator(\"//*[contains(@id,'password')]\") resolved to 2 elements:\n    1) <input required=\"\" id=\"password\" type=\"password\" name=\"password\" class=\"form-control\" placeholder=\"Your Password\"/> aka getByRole(AriaRole.TEXTBOX, new Page.GetByRoleOptions().setName(\"Your Password\").setExact(true))\n    2) <input required=\"\" type=\"password\" class=\"form-control\" id=\"passwordConfirm\" name=\"passwordConfirm\" placeholder=\"Repeat your password\"/> aka getByRole(AriaRole.TEXTBOX, new Page.GetByRoleOptions().setName(\"Repeat your password\"))\n\n    at CRExecutionContext.evaluateWithArguments (C:\\Users\\minht\\AppData\\Local\\Temp\\playwright-java-2199024287586459283\\package\\lib\\server\\chromium\\crExecutionContext.js:80:13)\n    at async LongStandingScope._race (C:\\Users\\minht\\AppData\\Local\\Temp\\playwright-java-2199024287586459283\\package\\lib\\utils\\isomorphic\\manualPromise.js:94:14)\n    at async evaluateExpression (C:\\Users\\minht\\AppData\\Local\\Temp\\playwright-java-2199024287586459283\\package\\lib\\server\\javascript.js:217:12)\n    at async C:\\Users\\minht\\AppData\\Local\\Temp\\playwright-java-2199024287586459283\\package\\lib\\server\\frames.js:915:22\n    at async Frame.retryWithProgressAndTimeouts (C:\\Users\\minht\\AppData\\Local\\Temp\\playwright-java-2199024287586459283\\package\\lib\\server\\frames.js:884:24)\n    at async C:\\Users\\minht\\AppData\\Local\\Temp\\playwright-java-2199024287586459283\\package\\lib\\server\\frames.js:1007:29\n    at async ProgressController.run (C:\\Users\\minht\\AppData\\Local\\Temp\\playwright-java-2199024287586459283\\package\\lib\\server\\progress.js:80:22)\n    at async FrameDispatcher.fill (C:\\Users\\minht\\AppData\\Local\\Temp\\playwright-java-2199024287586459283\\package\\lib\\server\\dispatchers\\frameDispatcher.js:129:12)\n    at async LongStandingScope._race (C:\\Users\\minht\\AppData\\Local\\Temp\\playwright-java-2199024287586459283\\package\\lib\\utils\\isomorphic\\manualPromise.js:94:14)\n    at async FrameDispatcher._handleCommand (C:\\Users\\minht\\AppData\\Local\\Temp\\playwright-java-2199024287586459283\\package\\lib\\server\\dispatchers\\dispatcher.js:90:14)\n}\nCall log:\n-   - waiting for locator(\"//*[contains(@id,'password')]\")\n\r\n\tat com.microsoft.playwright.impl.Connection.dispatch(Connection.java:262)\r\n\tat com.microsoft.playwright.impl.Connection.processOneMessage(Connection.java:214)\r\n\tat com.microsoft.playwright.impl.ChannelOwner.runUntil(ChannelOwner.java:136)\r\n\t... 33 more\r\n"},"stage":"finished","steps":[],"attachments":[],"parameters":[],"start":1756268734257,"stop":1756268735315}