{"uuid":"fa37fbb1-876d-4991-9cba-0e6c4947ff7e","historyId":"10e9ac103a7fcc844b1d2e1cd331d66b","fullName":"Tests.ProfileTest.testTransferToCreateNewGig","labels":[{"name":"package","value":"Tests.ProfileTest"},{"name":"testClass","value":"Tests.ProfileTest"},{"name":"testMethod","value":"testTransferToCreateNewGig"},{"name":"parentSuite","value":"Default Suite"},{"name":"suite","value":"WebDemo5-Capstone"},{"name":"subSuite","value":"Tests.ProfileTest"},{"name":"host","value":"Weber"},{"name":"thread","value":"2660@Weber.main(1)"},{"name":"framework","value":"testng"},{"name":"language","value":"java"}],"links":[],"name":"testTransferToCreateNewGig","status":"broken","statusDetails":{"known":false,"muted":false,"flaky":false,"message":"Error {\n  message='SyntaxError: Failed to execute 'querySelectorAll' on 'Document': 'button:has_text(\"Create a new Gig\")' is not a valid selector.\n    at query (<anonymous>:4989:41)\n    at <anonymous>:4999:7\n    at SelectorEvaluatorImpl._cached (<anonymous>:4776:20)\n    at SelectorEvaluatorImpl._queryCSS (<anonymous>:4986:17)\n    at SelectorEvaluatorImpl._querySimple (<anonymous>:4866:19)\n    at <anonymous>:4814:29\n    at SelectorEvaluatorImpl._cached (<anonymous>:4776:20)\n    at SelectorEvaluatorImpl.query (<anonymous>:4807:19)\n    at Object.query (<anonymous>:5021:44)\n    at <anonymous>:4979:21\n  name='Error\n  stack='Error: SyntaxError: Failed to execute 'querySelectorAll' on 'Document': 'button:has_text(\"Create a new Gig\")' is not a valid selector.\n    at query (<anonymous>:4989:41)\n    at <anonymous>:4999:7\n    at SelectorEvaluatorImpl._cached (<anonymous>:4776:20)\n    at SelectorEvaluatorImpl._queryCSS (<anonymous>:4986:17)\n    at SelectorEvaluatorImpl._querySimple (<anonymous>:4866:19)\n    at <anonymous>:4814:29\n    at SelectorEvaluatorImpl._cached (<anonymous>:4776:20)\n    at SelectorEvaluatorImpl.query (<anonymous>:4807:19)\n    at Object.query (<anonymous>:5021:44)\n    at <anonymous>:4979:21\n    at CRExecutionContext.evaluateWithArguments (C:\\Users\\minht\\AppData\\Local\\Temp\\playwright-java-4527270741216370520\\package\\lib\\server\\chromium\\crExecutionContext.js:80:13)\n    at async LongStandingScope._race (C:\\Users\\minht\\AppData\\Local\\Temp\\playwright-java-4527270741216370520\\package\\lib\\utils\\isomorphic\\manualPromise.js:94:14)\n    at async evaluateExpression (C:\\Users\\minht\\AppData\\Local\\Temp\\playwright-java-4527270741216370520\\package\\lib\\server\\javascript.js:217:12)\n    at async C:\\Users\\minht\\AppData\\Local\\Temp\\playwright-java-4527270741216370520\\package\\lib\\server\\frames.js:915:22\n    at async Frame.retryWithProgressAndTimeouts (C:\\Users\\minht\\AppData\\Local\\Temp\\playwright-java-4527270741216370520\\package\\lib\\server\\frames.js:884:24)\n    at async C:\\Users\\minht\\AppData\\Local\\Temp\\playwright-java-4527270741216370520\\package\\lib\\server\\frames.js:960:29\n    at async ProgressController.run (C:\\Users\\minht\\AppData\\Local\\Temp\\playwright-java-4527270741216370520\\package\\lib\\server\\progress.js:80:22)\n    at async FrameDispatcher.click (C:\\Users\\minht\\AppData\\Local\\Temp\\playwright-java-4527270741216370520\\package\\lib\\server\\dispatchers\\frameDispatcher.js:117:12)\n    at async LongStandingScope._race (C:\\Users\\minht\\AppData\\Local\\Temp\\playwright-java-4527270741216370520\\package\\lib\\utils\\isomorphic\\manualPromise.js:94:14)\n    at async FrameDispatcher._handleCommand (C:\\Users\\minht\\AppData\\Local\\Temp\\playwright-java-4527270741216370520\\package\\lib\\server\\dispatchers\\dispatcher.js:90:14)\n}\nCall log:\n-   - waiting for locator(\"button:has_text('Create a new Gig')\")\n","trace":"com.microsoft.playwright.PlaywrightException: Error {\n  message='SyntaxError: Failed to execute 'querySelectorAll' on 'Document': 'button:has_text(\"Create a new Gig\")' is not a valid selector.\n    at query (<anonymous>:4989:41)\n    at <anonymous>:4999:7\n    at SelectorEvaluatorImpl._cached (<anonymous>:4776:20)\n    at SelectorEvaluatorImpl._queryCSS (<anonymous>:4986:17)\n    at SelectorEvaluatorImpl._querySimple (<anonymous>:4866:19)\n    at <anonymous>:4814:29\n    at SelectorEvaluatorImpl._cached (<anonymous>:4776:20)\n    at SelectorEvaluatorImpl.query (<anonymous>:4807:19)\n    at Object.query (<anonymous>:5021:44)\n    at <anonymous>:4979:21\n  name='Error\n  stack='Error: SyntaxError: Failed to execute 'querySelectorAll' on 'Document': 'button:has_text(\"Create a new Gig\")' is not a valid selector.\n    at query (<anonymous>:4989:41)\n    at <anonymous>:4999:7\n    at SelectorEvaluatorImpl._cached (<anonymous>:4776:20)\n    at SelectorEvaluatorImpl._queryCSS (<anonymous>:4986:17)\n    at SelectorEvaluatorImpl._querySimple (<anonymous>:4866:19)\n    at <anonymous>:4814:29\n    at SelectorEvaluatorImpl._cached (<anonymous>:4776:20)\n    at SelectorEvaluatorImpl.query (<anonymous>:4807:19)\n    at Object.query (<anonymous>:5021:44)\n    at <anonymous>:4979:21\n    at CRExecutionContext.evaluateWithArguments (C:\\Users\\minht\\AppData\\Local\\Temp\\playwright-java-4527270741216370520\\package\\lib\\server\\chromium\\crExecutionContext.js:80:13)\n    at async LongStandingScope._race (C:\\Users\\minht\\AppData\\Local\\Temp\\playwright-java-4527270741216370520\\package\\lib\\utils\\isomorphic\\manualPromise.js:94:14)\n    at async evaluateExpression (C:\\Users\\minht\\AppData\\Local\\Temp\\playwright-java-4527270741216370520\\package\\lib\\server\\javascript.js:217:12)\n    at async C:\\Users\\minht\\AppData\\Local\\Temp\\playwright-java-4527270741216370520\\package\\lib\\server\\frames.js:915:22\n    at async Frame.retryWithProgressAndTimeouts (C:\\Users\\minht\\AppData\\Local\\Temp\\playwright-java-4527270741216370520\\package\\lib\\server\\frames.js:884:24)\n    at async C:\\Users\\minht\\AppData\\Local\\Temp\\playwright-java-4527270741216370520\\package\\lib\\server\\frames.js:960:29\n    at async ProgressController.run (C:\\Users\\minht\\AppData\\Local\\Temp\\playwright-java-4527270741216370520\\package\\lib\\server\\progress.js:80:22)\n    at async FrameDispatcher.click (C:\\Users\\minht\\AppData\\Local\\Temp\\playwright-java-4527270741216370520\\package\\lib\\server\\dispatchers\\frameDispatcher.js:117:12)\n    at async LongStandingScope._race (C:\\Users\\minht\\AppData\\Local\\Temp\\playwright-java-4527270741216370520\\package\\lib\\utils\\isomorphic\\manualPromise.js:94:14)\n    at async FrameDispatcher._handleCommand (C:\\Users\\minht\\AppData\\Local\\Temp\\playwright-java-4527270741216370520\\package\\lib\\server\\dispatchers\\dispatcher.js:90:14)\n}\nCall log:\n-   - waiting for locator(\"button:has_text('Create a new Gig')\")\n\r\n\tat com.microsoft.playwright.impl.WaitableResult.get(WaitableResult.java:56)\r\n\tat com.microsoft.playwright.impl.ChannelOwner.runUntil(ChannelOwner.java:138)\r\n\tat com.microsoft.playwright.impl.Connection.sendMessage(Connection.java:131)\r\n\tat com.microsoft.playwright.impl.ChannelOwner.sendMessage(ChannelOwner.java:124)\r\n\tat com.microsoft.playwright.impl.FrameImpl.clickImpl(FrameImpl.java:241)\r\n\tat com.microsoft.playwright.impl.FrameImpl.click(FrameImpl.java:232)\r\n\tat com.microsoft.playwright.impl.LocatorImpl.click(LocatorImpl.java:164)\r\n\tat com.microsoft.playwright.Locator.click(Locator.java:2500)\r\n\tat Base.BasePage.clickByLocator(BasePage.java:20)\r\n\tat Pages.ProfilePage.transferToCreateNewGigPage(ProfilePage.java:79)\r\n\tat Tests.ProfileTest.testTransferToCreateNewGig(ProfileTest.java:117)\r\n\tat java.base/jdk.internal.reflect.DirectMethodHandleAccessor.invoke(DirectMethodHandleAccessor.java:103)\r\n\tat java.base/java.lang.reflect.Method.invoke(Method.java:580)\r\n\tat org.testng.internal.invokers.MethodInvocationHelper.invokeMethod(MethodInvocationHelper.java:141)\r\n\tat org.testng.internal.invokers.TestInvoker.invokeMethod(TestInvoker.java:686)\r\n\tat org.testng.internal.invokers.TestInvoker.invokeTestMethod(TestInvoker.java:230)\r\n\tat org.testng.internal.invokers.MethodRunner.runInSequence(MethodRunner.java:63)\r\n\tat org.testng.internal.invokers.TestInvoker$MethodInvocationAgent.invoke(TestInvoker.java:992)\r\n\tat org.testng.internal.invokers.TestInvoker.invokeTestMethods(TestInvoker.java:203)\r\n\tat org.testng.internal.invokers.TestMethodWorker.invokeTestMethods(TestMethodWorker.java:154)\r\n\tat org.testng.internal.invokers.TestMethodWorker.run(TestMethodWorker.java:134)\r\n\tat java.base/java.util.ArrayList.forEach(ArrayList.java:1597)\r\n\tat org.testng.TestRunner.privateRun(TestRunner.java:739)\r\n\tat org.testng.TestRunner.run(TestRunner.java:614)\r\n\tat org.testng.SuiteRunner.runTest(SuiteRunner.java:421)\r\n\tat org.testng.SuiteRunner.runSequentially(SuiteRunner.java:413)\r\n\tat org.testng.SuiteRunner.privateRun(SuiteRunner.java:373)\r\n\tat org.testng.SuiteRunner.run(SuiteRunner.java:312)\r\n\tat org.testng.SuiteRunnerWorker.runSuite(SuiteRunnerWorker.java:52)\r\n\tat org.testng.SuiteRunnerWorker.run(SuiteRunnerWorker.java:95)\r\n\tat org.testng.TestNG.runSuitesSequentially(TestNG.java:1274)\r\n\tat org.testng.TestNG.runSuitesLocally(TestNG.java:1208)\r\n\tat org.testng.TestNG.runSuites(TestNG.java:1112)\r\n\tat org.testng.TestNG.run(TestNG.java:1079)\r\n\tat com.intellij.rt.testng.IDEARemoteTestNG.run(IDEARemoteTestNG.java:65)\r\n\tat com.intellij.rt.testng.RemoteTestNGStarter.main(RemoteTestNGStarter.java:105)\r\nCaused by: com.microsoft.playwright.impl.DriverException: Error {\n  message='SyntaxError: Failed to execute 'querySelectorAll' on 'Document': 'button:has_text(\"Create a new Gig\")' is not a valid selector.\n    at query (<anonymous>:4989:41)\n    at <anonymous>:4999:7\n    at SelectorEvaluatorImpl._cached (<anonymous>:4776:20)\n    at SelectorEvaluatorImpl._queryCSS (<anonymous>:4986:17)\n    at SelectorEvaluatorImpl._querySimple (<anonymous>:4866:19)\n    at <anonymous>:4814:29\n    at SelectorEvaluatorImpl._cached (<anonymous>:4776:20)\n    at SelectorEvaluatorImpl.query (<anonymous>:4807:19)\n    at Object.query (<anonymous>:5021:44)\n    at <anonymous>:4979:21\n  name='Error\n  stack='Error: SyntaxError: Failed to execute 'querySelectorAll' on 'Document': 'button:has_text(\"Create a new Gig\")' is not a valid selector.\n    at query (<anonymous>:4989:41)\n    at <anonymous>:4999:7\n    at SelectorEvaluatorImpl._cached (<anonymous>:4776:20)\n    at SelectorEvaluatorImpl._queryCSS (<anonymous>:4986:17)\n    at SelectorEvaluatorImpl._querySimple (<anonymous>:4866:19)\n    at <anonymous>:4814:29\n    at SelectorEvaluatorImpl._cached (<anonymous>:4776:20)\n    at SelectorEvaluatorImpl.query (<anonymous>:4807:19)\n    at Object.query (<anonymous>:5021:44)\n    at <anonymous>:4979:21\n    at CRExecutionContext.evaluateWithArguments (C:\\Users\\minht\\AppData\\Local\\Temp\\playwright-java-4527270741216370520\\package\\lib\\server\\chromium\\crExecutionContext.js:80:13)\n    at async LongStandingScope._race (C:\\Users\\minht\\AppData\\Local\\Temp\\playwright-java-4527270741216370520\\package\\lib\\utils\\isomorphic\\manualPromise.js:94:14)\n    at async evaluateExpression (C:\\Users\\minht\\AppData\\Local\\Temp\\playwright-java-4527270741216370520\\package\\lib\\server\\javascript.js:217:12)\n    at async C:\\Users\\minht\\AppData\\Local\\Temp\\playwright-java-4527270741216370520\\package\\lib\\server\\frames.js:915:22\n    at async Frame.retryWithProgressAndTimeouts (C:\\Users\\minht\\AppData\\Local\\Temp\\playwright-java-4527270741216370520\\package\\lib\\server\\frames.js:884:24)\n    at async C:\\Users\\minht\\AppData\\Local\\Temp\\playwright-java-4527270741216370520\\package\\lib\\server\\frames.js:960:29\n    at async ProgressController.run (C:\\Users\\minht\\AppData\\Local\\Temp\\playwright-java-4527270741216370520\\package\\lib\\server\\progress.js:80:22)\n    at async FrameDispatcher.click (C:\\Users\\minht\\AppData\\Local\\Temp\\playwright-java-4527270741216370520\\package\\lib\\server\\dispatchers\\frameDispatcher.js:117:12)\n    at async LongStandingScope._race (C:\\Users\\minht\\AppData\\Local\\Temp\\playwright-java-4527270741216370520\\package\\lib\\utils\\isomorphic\\manualPromise.js:94:14)\n    at async FrameDispatcher._handleCommand (C:\\Users\\minht\\AppData\\Local\\Temp\\playwright-java-4527270741216370520\\package\\lib\\server\\dispatchers\\dispatcher.js:90:14)\n}\nCall log:\n-   - waiting for locator(\"button:has_text('Create a new Gig')\")\n\r\n\tat com.microsoft.playwright.impl.Connection.dispatch(Connection.java:262)\r\n\tat com.microsoft.playwright.impl.Connection.processOneMessage(Connection.java:214)\r\n\tat com.microsoft.playwright.impl.ChannelOwner.runUntil(ChannelOwner.java:136)\r\n\t... 34 more\r\n"},"stage":"finished","steps":[],"attachments":[],"parameters":[],"start":1756276749729,"stop":1756276749758}